<?xml version="1.0" encoding="UTF-8" ?>
<testsuite tests="2" failures="0" name="ssvv.project.repository.StudentRepositoryTest" time="0.205" errors="0" skipped="0">
  <properties>
    <property name="java.runtime.name" value="Java(TM) SE Runtime Environment"/>
    <property name="java.vm.version" value="17+35-LTS-2724"/>
    <property name="sun.boot.library.path" value="C:\Program Files\Java\jdk-17\bin"/>
    <property name="user.country.format" value="RO"/>
    <property name="java.vm.vendor" value="Oracle Corporation"/>
    <property name="java.vendor.url" value="https://java.oracle.com/"/>
    <property name="path.separator" value=";"/>
    <property name="java.vm.name" value="Java HotSpot(TM) 64-Bit Server VM"/>
    <property name="sun.os.patch.level" value=""/>
    <property name="user.script" value=""/>
    <property name="user.country" value="US"/>
    <property name="sun.java.launcher" value="SUN_STANDARD"/>
    <property name="java.vm.specification.name" value="Java Virtual Machine Specification"/>
    <property name="user.dir" value="C:\Users\ztr53\Documents\GitHub\MonitorizareTemeLaborator"/>
    <property name="java.vm.compressedOopsMode" value="Zero based"/>
    <property name="java.runtime.version" value="17+35-LTS-2724"/>
    <property name="basedir" value="C:\Users\ztr53\Documents\GitHub\MonitorizareTemeLaborator"/>
    <property name="os.arch" value="amd64"/>
    <property name="surefire.real.class.path" value="C:\Users\ztr53\Documents\GitHub\MonitorizareTemeLaborator\target\surefire\surefirebooter17158890094757574347.jar"/>
    <property name="java.io.tmpdir" value="C:\Users\ztr53\AppData\Local\Temp\"/>
    <property name="line.separator" value="
"/>
    <property name="java.vm.specification.vendor" value="Oracle Corporation"/>
    <property name="user.variant" value=""/>
    <property name="os.name" value="Windows 10"/>
    <property name="sun.jnu.encoding" value="Cp1252"/>
    <property name="java.library.path" value="C:\Program Files\Java\jdk-17\bin;C:\Windows\Sun\Java\bin;C:\Windows\system32;C:\Windows;C:\Program Files\Common Files\Oracle\Java\javapath;C:\Qt\6.1.2\mingw81_64\bin;C:\Qt\6.1.0\mingw81_64\bin;C:\Program Files (x86)\Common Files\Oracle\Java\javapath;C:\ProgramData\Oracle\Java\javapath;C:\Program Files\Java\jdk-17\bin;C:\Program Files\Apache Software Foundation\apache-maven-3.8.6\bin;C:\Windows\system32;C:\Windows;C:\Windows\System32\Wbem;C:\Windows\System32\WindowsPowerShell\v1.0\;C:\Windows\System32\OpenSSH\;C:\Program Files\PuTTY\;C:\Program Files (x86)\Gpg4win\..\GnuPG\bin;C:\Program Files\Git\cmd;C:\Program Files\NVIDIA Corporation\NVIDIA NvDLISR;C:\Program Files (x86)\NVIDIA Corporation\PhysX\Common;C:\Program Files\Microsoft SQL Server\Client SDK\ODBC\170\Tools\Binn\;C:\Program Files (x86)\Microsoft SQL Server\150\Tools\Binn\;C:\Program Files\Microsoft SQL Server\150\Tools\Binn\;C:\Program Files\Microsoft SQL Server\150\DTS\Binn\;C:\Program Files (x86)\Microsoft SQL Server\150\DTS\Binn\;C:\Program Files\Azure Data Studio\bin;C:\Program Files\dotnet\;;C:\Program Files\Dart\dart-sdk\bin;C:\Program Files\nodejs\;C:\Program Files\Docker\Docker\resources\bin;C:\Users\ztr53\AppData\Local\Programs\Python\Python311\Scripts\;C:\Users\ztr53\AppData\Local\Programs\Python\Python311\;C:\flutter_windows_3.3.8-stable\flutter\bin;C:\Users\ztr53\anaconda3;C:\Users\ztr53\anaconda3\Library\mingw-w64\bin;C:\Users\ztr53\anaconda3\Library\usr\bin;C:\Users\ztr53\anaconda3\Library\bin;C:\Users\ztr53\anaconda3\Scripts;C:\Program Files\JetBrains\CLion\bin;C:\Program Files\Java\jre1.8.0_281\bin;C:\Program Files\Java\jdk-17\bin;C:\Qt\6.1.2\mingw81_64\bin;C:\Qt\6.1.0\mingw81_64\bin;C:\Program Files\MySQL\MySQL Shell 8.0\bin\;C:\Users\ztr53\AppData\Local\Pub\Cache\bin;C:\Users\ztr53\AppData\Local\Programs\Python\Python310\;C:\Users\ztr53\AppData\Local\Programs\Python\Python310\Scripts;C:\Users\ztr53\AppData\Local\Programs\Python\Python310\python.exe;C:\Users\ztr53\AppData\Local\Programs\Python\Python38\Scripts\;C:\Users\ztr53\AppData\Local\Programs\Python\Python38\;C:\Users\ztr53\AppData\Local\Programs\Python\Python39\Scripts\;C:\Users\ztr53\AppData\Local\Programs\Python\Python39\;C:\Users\ztr53\AppData\Local\Programs\Python\Python38-32\Scripts\;C:\Users\ztr53\AppData\Local\Programs\Python\Python38-32\;C:\Users\ztr53\AppData\Local\Microsoft\WindowsApps;C:\Users\ztr53\AppData\Local\GitHubDesktop\bin;C:\Program Files\JetBrains\IntelliJ IDEA 2021.1.3\bin;;C:\Program Files\Azure Data Studio\bin;C:\MinGW\bin;C:\Users\ztr53\AppData\Local\Programs\Microsoft VS Code\bin;C:\Users\ztr53\.dotnet\tools;C:\Program Files\heroku\bin;C:\Program Files\JetBrains\WebStorm 2021.3.2\bin;;C:\Program Files\JetBrains\PyCharm 2021.3.3\bin;;C:\Program Files\JetBrains\PhpStorm 2021.3.3\bin;;C:\Program Files\JetBrains\DataSpell 2022.2.1\bin;;C:\Users\ztr53\AppData\Roaming\npm;."/>
    <property name="surefire.test.class.path" value="C:\Users\ztr53\Documents\GitHub\MonitorizareTemeLaborator\target\test-classes;C:\Users\ztr53\Documents\GitHub\MonitorizareTemeLaborator\target\classes;C:\Users\ztr53\.m2\repository\junit\junit\4.13.2\junit-4.13.2.jar;C:\Users\ztr53\.m2\repository\org\hamcrest\hamcrest-core\1.3\hamcrest-core-1.3.jar;"/>
    <property name="jdk.debug" value="release"/>
    <property name="java.class.version" value="61.0"/>
    <property name="java.specification.name" value="Java Platform API Specification"/>
    <property name="sun.management.compiler" value="HotSpot 64-Bit Tiered Compilers"/>
    <property name="os.version" value="10.0"/>
    <property name="user.home" value="C:\Users\ztr53"/>
    <property name="file.encoding" value="Cp1250"/>
    <property name="java.specification.version" value="17"/>
    <property name="user.name" value="ztr53"/>
    <property name="java.class.path" value="C:\Users\ztr53\Documents\GitHub\MonitorizareTemeLaborator\target\test-classes;C:\Users\ztr53\Documents\GitHub\MonitorizareTemeLaborator\target\classes;C:\Users\ztr53\.m2\repository\junit\junit\4.13.2\junit-4.13.2.jar;C:\Users\ztr53\.m2\repository\org\hamcrest\hamcrest-core\1.3\hamcrest-core-1.3.jar;"/>
    <property name="java.vm.specification.version" value="17"/>
    <property name="sun.arch.data.model" value="64"/>
    <property name="sun.java.command" value="C:\Users\ztr53\Documents\GitHub\MonitorizareTemeLaborator\target\surefire\surefirebooter17158890094757574347.jar C:\Users\ztr53\Documents\GitHub\MonitorizareTemeLaborator\target\surefire\surefire9308345280548889229tmp C:\Users\ztr53\Documents\GitHub\MonitorizareTemeLaborator\target\surefire\surefire10542404425803122458tmp"/>
    <property name="java.home" value="C:\Program Files\Java\jdk-17"/>
    <property name="user.language" value="en"/>
    <property name="java.specification.vendor" value="Oracle Corporation"/>
    <property name="user.language.format" value="ro"/>
    <property name="java.vm.info" value="mixed mode, sharing"/>
    <property name="java.version" value="17"/>
    <property name="native.encoding" value="Cp1250"/>
    <property name="java.vendor" value="Oracle Corporation"/>
    <property name="localRepository" value="C:\Users\ztr53\.m2\repository"/>
    <property name="file.separator" value="\"/>
    <property name="java.version.date" value="2021-09-14"/>
    <property name="java.vendor.url.bug" value="https://bugreport.java.com/bugreport/"/>
    <property name="sun.io.unicode.encoding" value="UnicodeLittle"/>
    <property name="sun.cpu.endian" value="little"/>
    <property name="sun.cpu.isalist" value="amd64"/>
  </properties>
  <testcase classname="ssvv.project.repository.StudentRepositoryTest" name="testSaveValidStudent" time="0.011"/>
  <testcase classname="ssvv.project.repository.StudentRepositoryTest" name="testSaveInvalidStudent" time="0.001"/>
</testsuite>