<?xml version="1.0" encoding="UTF-8" ?>
<testsuite tests="2" failures="0" name="ssvv.project.repository.StudentXMLRepositoryTest" time="0.181" errors="0" skipped="0">
  <properties>
    <property name="idea.version" value="2022.1.1"/>
    <property name="java.runtime.name" value="OpenJDK Runtime Environment"/>
    <property name="java.vm.version" value="11.0.12+7"/>
    <property name="sun.boot.library.path" value="C:\Program Files\Microsoft\jdk-11.0.12.7-hotspot\bin"/>
    <property name="java.vm.vendor" value="Microsoft"/>
    <property name="java.vendor.url" value="https://www.microsoft.com"/>
    <property name="path.separator" value=";"/>
    <property name="java.vm.name" value="OpenJDK 64-Bit Server VM"/>
    <property name="sun.os.patch.level" value=""/>
    <property name="user.script" value=""/>
    <property name="user.country" value="US"/>
    <property name="sun.java.launcher" value="SUN_STANDARD"/>
    <property name="java.vm.specification.name" value="Java Virtual Machine Specification"/>
    <property name="user.dir" value="D:\Facultate\an3_sem2\ssvv\MonitorizareTemeLaborator"/>
    <property name="java.vm.compressedOopsMode" value="Zero based"/>
    <property name="java.runtime.version" value="11.0.12+7"/>
    <property name="java.awt.graphicsenv" value="sun.awt.Win32GraphicsEnvironment"/>
    <property name="basedir" value="D:\Facultate\an3_sem2\ssvv\MonitorizareTemeLaborator"/>
    <property name="os.arch" value="amd64"/>
    <property name="surefire.real.class.path" value="D:\Facultate\an3_sem2\ssvv\MonitorizareTemeLaborator\target\surefire\surefirebooter2113279210952282322.jar"/>
    <property name="java.io.tmpdir" value="C:\Users\VladB\AppData\Local\Temp\"/>
    <property name="line.separator" value="
"/>
    <property name="java.vm.specification.vendor" value="Oracle Corporation"/>
    <property name="user.variant" value=""/>
    <property name="os.name" value="Windows 10"/>
    <property name="sun.jnu.encoding" value="Cp1252"/>
    <property name="java.library.path" value="C:\Program Files\Microsoft\jdk-11.0.12.7-hotspot\bin;C:\WINDOWS\Sun\Java\bin;C:\WINDOWS\system32;C:\WINDOWS;C:\Program Files (x86)\Common Files\Oracle\Java\javapath;C:\Program Files\Microsoft\jdk-11.0.12.7-hotspot\bin;C:\Windows\system32;C:\Windows;C:\Windows\System32\Wbem;C:\Windows\System32\WindowsPowerShell\v1.0\;C:\Windows\System32\OpenSSH\;C:\Program Files (x86)\NVIDIA Corporation\PhysX\Common;C:\Program Files\PuTTY\;C:\WINDOWS\system32;C:\WINDOWS;C:\WINDOWS\System32\Wbem;C:\WINDOWS\System32\WindowsPowerShell\v1.0\;C:\WINDOWS\System32\OpenSSH\;C:\Program Files\NVIDIA Corporation\NVIDIA NvDLISR;C:\sqlite3;C:\Program Files\Graphviz\bin\dot.exe;C:\Qt\5.15.2\mingw81_64\bin;C:\Program Files\Microsoft SQL Server\Client SDK\ODBC\170\Tools\Binn\;C:\Program Files (x86)\Microsoft SQL Server\150\Tools\Binn\;C:\Program Files\Microsoft SQL Server\150\Tools\Binn\;C:\Program Files\Microsoft SQL Server\150\DTS\Binn\;C:\Program Files (x86)\Microsoft SQL Server\150\DTS\Binn\;C:\Program Files\Azure Data Studio\bin;C:\Program Files\Polyspace\R2020a\runtime\win64;C:\Program Files\Polyspace\R2020a\bin;C:\Program Files\Polyspace\R2020a\polyspace\bin;C:\Program Files\Git\cmd;C:\Program Files\dotnet\;C:\Program Files\nodejs\;C:\Program Files\Docker\Docker\resources\bin;C:\Users\VladB\AppData\Local\Programs\Python\Python38\Scripts\;C:\Users\VladB\AppData\Local\Programs\Python\Python38\;C:\Users\VladB\AppData\Local\Microsoft\WindowsApps;C:\Users\VladB\AppData\Local\GitHubDesktop\bin;C:\Program Files\JetBrains\PyCharm Community Edition 2020.2.2\bin;C:\Program Files\JetBrains\PyCharm 2020.2.2\bin;C:\Program Files\JetBrains\CLion 2020.3.3\bin;C:\Program Files\Graphviz\bin;C:\Program Files\Graphviz\bin\dot.exe;C:\Qt\5.15.2\mingw81_64\bin;C:\Program Files\JetBrains\IntelliJ IDEA Educational Edition 2021.2\bin;C:\Program Files\Azure Data Studio\bin;C:\Program Files\swipl\bin;C:\Users\VladB\.dotnet\tools;C:\Program Files\heroku\bin;C:\Program Files\JetBrains\WebStorm 2021.3.2\bin;C:\Program Files\JetBrains\IntelliJ IDEA 2021.3.3\bin;C:\Program Files\JetBrains\PhpStorm 2021.3.3\bin;C:\Users\VladB\AppData\Roaming\npm;C:\temp\flutter\bin;."/>
    <property name="surefire.test.class.path" value="D:\Facultate\an3_sem2\ssvv\MonitorizareTemeLaborator\target\test-classes;D:\Facultate\an3_sem2\ssvv\MonitorizareTemeLaborator\target\classes;C:\Users\VladB\.m2\repository\junit\junit\4.13.2\junit-4.13.2.jar;C:\Users\VladB\.m2\repository\org\hamcrest\hamcrest-core\1.3\hamcrest-core-1.3.jar;"/>
    <property name="jdk.debug" value="release"/>
    <property name="java.class.version" value="55.0"/>
    <property name="java.specification.name" value="Java Platform API Specification"/>
    <property name="sun.management.compiler" value="HotSpot 64-Bit Tiered Compilers"/>
    <property name="os.version" value="10.0"/>
    <property name="user.home" value="C:\Users\VladB"/>
    <property name="user.timezone" value=""/>
    <property name="java.awt.printerjob" value="sun.awt.windows.WPrinterJob"/>
    <property name="file.encoding" value="Cp1252"/>
    <property name="java.specification.version" value="11"/>
    <property name="user.name" value="VladB"/>
    <property name="java.class.path" value="D:\Facultate\an3_sem2\ssvv\MonitorizareTemeLaborator\target\test-classes;D:\Facultate\an3_sem2\ssvv\MonitorizareTemeLaborator\target\classes;C:\Users\VladB\.m2\repository\junit\junit\4.13.2\junit-4.13.2.jar;C:\Users\VladB\.m2\repository\org\hamcrest\hamcrest-core\1.3\hamcrest-core-1.3.jar;"/>
    <property name="java.vm.specification.version" value="11"/>
    <property name="sun.arch.data.model" value="64"/>
    <property name="sun.java.command" value="D:\Facultate\an3_sem2\ssvv\MonitorizareTemeLaborator\target\surefire\surefirebooter2113279210952282322.jar D:\Facultate\an3_sem2\ssvv\MonitorizareTemeLaborator\target\surefire\surefire13160028752561470026tmp D:\Facultate\an3_sem2\ssvv\MonitorizareTemeLaborator\target\surefire\surefire2966920920510371361tmp"/>
    <property name="java.home" value="C:\Program Files\Microsoft\jdk-11.0.12.7-hotspot"/>
    <property name="user.language" value="en"/>
    <property name="java.specification.vendor" value="Oracle Corporation"/>
    <property name="awt.toolkit" value="sun.awt.windows.WToolkit"/>
    <property name="java.vm.info" value="mixed mode"/>
    <property name="java.version" value="11.0.12"/>
    <property name="java.vendor" value="Microsoft"/>
    <property name="localRepository" value="C:\Users\VladB\.m2\repository"/>
    <property name="file.separator" value="\"/>
    <property name="java.version.date" value="2021-07-20"/>
    <property name="java.vendor.url.bug" value="https://github.com/microsoft/openjdk/issues"/>
    <property name="sun.io.unicode.encoding" value="UnicodeLittle"/>
    <property name="sun.cpu.endian" value="little"/>
    <property name="java.vendor.version" value="Microsoft-25199"/>
    <property name="sun.desktop" value="windows"/>
    <property name="sun.cpu.isalist" value="amd64"/>
  </properties>
  <testcase classname="ssvv.project.repository.StudentXMLRepositoryTest" name="testSaveExistingStudent" time="0.131"/>
  <testcase classname="ssvv.project.repository.StudentXMLRepositoryTest" name="testSaveNonExistingStudent" time="0.005"/>
</testsuite>